[2019-01-07T15:12:33.374] [INFO] stdout - listen prot: 8086
[2019-01-07T15:15:00.038] [INFO] stdout - listen prot: 8086
[2019-01-07T15:18:23.526] [INFO] stdout - listen prot: 8086
[2019-01-07T15:19:02.425] [INFO] stdout - GET / - 44ms
[2019-01-07T15:19:02.481] [INFO] stdout - GET /js/common/innerConfig.js - 3ms
[2019-01-07T15:19:02.482] [INFO] stdout - GET /js/common/common.js - 3ms
[2019-01-07T15:19:02.486] [INFO] stdout - GET /js/common/tool.js - 2ms
[2019-01-07T15:19:02.667] [INFO] stdout - GET /js/unit/masonry.pkgd.min.js - 3ms
[2019-01-07T15:19:02.668] [INFO] stdout - GET /css/index.css - 2ms
[2019-01-07T15:19:02.738] [INFO] stdout - GET /js/unit/imagesloaded.min.js - 1ms
[2019-01-07T15:19:02.754] [INFO] stdout - GET /js/index.js - 1ms
[2019-01-07T15:19:02.779] [INFO] stdout - GET /js/unit/flatpickr/flatpick.min.js - 1ms
[2019-01-07T15:19:02.780] [INFO] stdout - GET /js/unit/flatpickr/zh.js - 1ms
[2019-01-07T15:19:02.784] [INFO] stdout - GET /js/unit/flatpickr/flatpickr.min.css - 2ms
[2019-01-07T15:19:02.813] [INFO] stdout - GET /js/dailyList.js - 1ms
[2019-01-07T15:19:02.839] [INFO] stdout - GET /innerHtml/dailyList.html - 1ms
[2019-01-07T15:19:02.854] [INFO] stdout - GET /favicon.ico - 2ms
[2019-01-07T15:20:27.306] [INFO] stdout - listen prot: 8086
[2019-01-07T15:20:37.774] [INFO] stdout - GET / - 5ms
[2019-01-07T15:20:37.792] [INFO] stdout - GET /js/common/innerConfig.js - 2ms
[2019-01-07T15:20:37.793] [INFO] stdout - GET /js/common/common.js - 3ms
[2019-01-07T15:20:37.798] [INFO] stdout - GET /js/common/tool.js - 3ms
[2019-01-07T15:20:37.880] [INFO] stdout - GET /css/index.css - 1ms
[2019-01-07T15:20:37.882] [INFO] stdout - GET /js/unit/masonry.pkgd.min.js - 4ms
[2019-01-07T15:20:37.895] [INFO] stdout - GET /js/unit/imagesloaded.min.js - 1ms
[2019-01-07T15:20:37.903] [INFO] stdout - GET /js/index.js - 0ms
[2019-01-07T15:20:37.910] [INFO] stdout - GET /js/unit/flatpickr/flatpick.min.js - 1ms
[2019-01-07T15:20:37.911] [INFO] stdout - GET /js/unit/flatpickr/zh.js - 1ms
[2019-01-07T15:20:37.912] [INFO] stdout - GET /js/unit/flatpickr/flatpickr.min.css - 2ms
[2019-01-07T15:20:37.931] [INFO] stdout - GET /js/dailyList.js - 1ms
[2019-01-07T15:20:37.939] [INFO] stdout - GET /innerHtml/dailyList.html - 1ms
[2019-01-07T15:24:52.845] [INFO] stdout - listen prot: 8086
[2019-01-07T15:24:57.528] [INFO] stdout - GET / - 7ms [object Object]
[2019-01-07T15:24:57.546] [INFO] stdout - GET /js/common/innerConfig.js - 3ms [object Object]
[2019-01-07T15:24:57.548] [INFO] stdout - GET /js/common/common.js - 4ms [object Object]
[2019-01-07T15:24:57.555] [INFO] stdout - GET /js/common/tool.js - 5ms [object Object]
[2019-01-07T15:24:57.721] [INFO] stdout - GET /js/unit/masonry.pkgd.min.js - 2ms [object Object]
[2019-01-07T15:24:57.722] [INFO] stdout - GET /css/index.css - 1ms [object Object]
[2019-01-07T15:24:57.747] [INFO] stdout - GET /js/unit/imagesloaded.min.js - 1ms [object Object]
[2019-01-07T15:24:57.753] [INFO] stdout - GET /js/index.js - 1ms [object Object]
[2019-01-07T15:24:57.768] [INFO] stdout - GET /js/unit/flatpickr/flatpick.min.js - 2ms [object Object]
[2019-01-07T15:24:57.768] [INFO] stdout - GET /js/unit/flatpickr/zh.js - 2ms [object Object]
[2019-01-07T15:24:57.771] [INFO] stdout - GET /js/unit/flatpickr/flatpickr.min.css - 4ms [object Object]
[2019-01-07T15:24:57.784] [INFO] stdout - GET /js/dailyList.js - 1ms [object Object]
[2019-01-07T15:24:57.790] [INFO] stdout - GET /innerHtml/dailyList.html - 1ms [object Object]
[2019-01-07T15:25:35.755] [INFO] stdout - listen prot: 8086
[2019-01-07T15:25:39.698] [INFO] stdout - GET / - 5ms 200
[2019-01-07T15:25:39.716] [INFO] stdout - GET /js/common/innerConfig.js - 2ms 200
[2019-01-07T15:25:39.726] [INFO] stdout - GET /js/common/common.js - 8ms 200
[2019-01-07T15:25:39.728] [INFO] stdout - GET /js/common/tool.js - 9ms 200
[2019-01-07T15:25:39.906] [INFO] stdout - GET /js/unit/masonry.pkgd.min.js - 1ms 200
[2019-01-07T15:25:39.906] [INFO] stdout - GET /css/index.css - 1ms 200
[2019-01-07T15:25:39.934] [INFO] stdout - GET /js/unit/imagesloaded.min.js - 1ms 200
[2019-01-07T15:25:39.940] [INFO] stdout - GET /js/index.js - 1ms 200
[2019-01-07T15:25:39.950] [INFO] stdout - GET /js/unit/flatpickr/flatpick.min.js - 1ms 200
[2019-01-07T15:25:39.951] [INFO] stdout - GET /js/unit/flatpickr/flatpickr.min.css - 2ms 200
[2019-01-07T15:25:39.952] [INFO] stdout - GET /js/unit/flatpickr/zh.js - 2ms 200
[2019-01-07T15:25:39.977] [INFO] stdout - GET /js/dailyList.js - 1ms 200
[2019-01-07T15:25:39.988] [INFO] stdout - GET /innerHtml/dailyList.html - 1ms 200
[2019-01-07T15:35:48.638] [INFO] stdout - listen prot: 8086
[2019-01-07T15:35:48.673] [INFO] stdout - Login：读取cookie文件
[2019-01-07T15:35:48.678] [INFO] stdout - Login:模拟登陆获取Cookie流程结束
[2019-01-07T15:35:52.735] [INFO] stdout - socke content: moOBpiT8xvWMqrWBAAAA
[2019-01-07T15:59:34.926] [WARN] stdout - Filter: 没有读取到规则配置
[2019-01-07T15:59:35.067] [INFO] stdout - listen prot: 8086
[2019-01-07T15:59:35.092] [INFO] stdout - Login:模拟登陆获取Cookie流程 开始
[2019-01-07T15:59:35.095] [INFO] stdout - Login:模拟登陆获取Cookie流程 结束
[2019-01-07T15:59:37.734] [INFO] stdout - socke content: GsKSH_rrH6HhVGWsAAAA
[2019-01-07T16:29:41.417] [WARN] stdout - Filter: 没有读取到规则配置
[2019-01-07T16:29:41.572] [INFO] stdout - listen prot: 8086
[2019-01-07T16:29:41.600] [INFO] stdout - Login:模拟登陆获取Cookie流程 开始
[2019-01-07T16:29:41.607] [INFO] stdout - Login:模拟登陆获取Cookie流程 结束
[2019-01-07T16:29:41.736] [INFO] stdout - socke content: 5zphXE-CQ3lXBf-oAAAA
[2019-01-07T18:51:33.447] [WARN] stdout - Filter: 没有读取到规则配置
[2019-01-07T18:51:33.603] [INFO] stdout - listen prot: 8086
[2019-01-07T18:51:33.630] [INFO] stdout - Login:模拟登陆获取Cookie流程 开始
[2019-01-07T18:51:33.638] [INFO] stdout - Login:模拟登陆获取Cookie流程 结束
[2019-01-07T18:51:33.732] [INFO] stdout - socke content: ESA-P-V9FU_0I5tmAAAA
